Arguments: 
  C:\Program Files\nodejs\node.exe C:\Users\Almir\AppData\Roaming\npm\node_modules\yarn\bin\yarn.js

PATH: 
  C:\Program Files (x86)\Common Files\Oracle\Java\javapath;C:\WINDOWS\system32;C:\WINDOWS;C:\WINDOWS\System32\Wbem;C:\WINDOWS\System32\WindowsPowerShell\v1.0\;C:\WINDOWS\System32\OpenSSH\;C:\ProgramData\chocolatey\bin;C:\Program Files\nodejs\;C:\Program Files\Git\cmd;C:\Program Files\PuTTY\;C:\Users\Almir\AppData\Local\Microsoft\WindowsApps;C:\Users\Almir\AppData\Roaming\npm;C:\Users\Almir\AppData\Local\Programs\Microsoft VS Code\bin

Yarn version: 
  1.22.10

Node version: 
  16.3.0

Platform: 
  win32 x64

Trace: 
  Error: getaddrinfo EAI_AGAIN registry.yarnpkg.com
      at GetAddrInfoReqWrap.onlookup [as oncomplete] (node:dns:69:26)

npm manifest: 
  {
    "name": "node_js_celke",
    "version": "1.0.0",
    "description": "cursonode",
    "main": "app.js",
    "dependencies": {
      "body-parser": "^1.19.0",
      "express": "^4.16.4",
      "express-handlebars": "^3.0.2",
      "moment": "^2.24.0",
      "mysql": "^2.17.1",
      "mysql2": "^1.6.5",
      "sequelize": "^5.8.5"
    },
    "devDependencies": {},
    "scripts": {
      "test": "echo \\\"Error: no test specified\\\" && exit 1"
    },
    "author": "Cesar Szpak",
    "license": "ISC"
  }

yarn manifest: 
  No manifest

Lockfile: 
  No lockfile
